#! /c/Source/iverilog-install/bin/vvp
:ivl_version "12.0 (devel)" "(s20150603-1539-g2693dd32b)";
:ivl_delay_selection "TYPICAL";
:vpi_time_precision - 12;
:vpi_module "C:\iverilog\lib\ivl\system.vpi";
:vpi_module "C:\iverilog\lib\ivl\vhdl_sys.vpi";
:vpi_module "C:\iverilog\lib\ivl\vhdl_textio.vpi";
:vpi_module "C:\iverilog\lib\ivl\v2005_math.vpi";
:vpi_module "C:\iverilog\lib\ivl\va_math.vpi";
S_00000278aa016480 .scope module, "tb_rv32i_single_cycle" "tb_rv32i_single_cycle" 2 3;
 .timescale -9 -12;
v00000278aa06a050_0 .var "clk", 0 0;
v00000278aa06a230_0 .var "reset", 0 0;
S_00000278aa012650 .scope module, "dut" "rv32i_single_cycle_top" 2 10, 3 3 0, S_00000278aa016480;
 .timescale -9 -12;
    .port_info 0 /INPUT 1 "clk";
    .port_info 1 /INPUT 1 "reset";
P_00000278a9ffeca0 .param/str "PROGRAM_FILE" 0 3 4, "mem/program.mem";
L_00000278aa0c8b30 .functor BUFT 1, C4<11111111111111111111111111111110>, C4<0>, C4<0>, C4<0>;
L_00000278aa1217f0 .functor AND 32, L_00000278aa06dcb0, L_00000278aa0c8b30, C4<11111111111111111111111111111111>, C4<11111111111111111111111111111111>;
v00000278aa0671e0_0 .net *"_ivl_16", 31 0, L_00000278aa06dcb0;  1 drivers
v00000278aa067500_0 .net/2u *"_ivl_18", 31 0, L_00000278aa0c8b30;  1 drivers
v00000278aa0684a0_0 .net *"_ivl_22", 31 0, L_00000278aa06de90;  1 drivers
v00000278aa068540_0 .net *"_ivl_24", 31 0, L_00000278aa06dd50;  1 drivers
v00000278aa067c80_0 .net "alu_b", 31 0, L_00000278aa069fb0;  1 drivers
v00000278aa067d20_0 .net "alu_ctrl", 3 0, v00000278aa010740_0;  1 drivers
v00000278aa067dc0_0 .net "alu_op", 1 0, v00000278aa011140_0;  1 drivers
v00000278aa067e60_0 .net "alu_result", 31 0, v00000278aa012220_0;  1 drivers
v00000278aa068040_0 .net "alu_src", 0 0, v00000278aa011b40_0;  1 drivers
v00000278aa067f00_0 .net "branch", 0 0, v00000278aa012040_0;  1 drivers
v00000278aa0680e0_0 .net "branch_taken", 0 0, v00000278aa010a60_0;  1 drivers
v00000278aa068720_0 .net "clk", 0 0, v00000278aa06a050_0;  1 drivers
v00000278aa0687c0_0 .net "funct3", 2 0, L_00000278aa06aaf0;  1 drivers
v00000278aa069ab0_0 .net "funct7b5", 0 0, L_00000278aa06af50;  1 drivers
v00000278aa069790_0 .net "immediate", 31 0, v00000278aa011640_0;  1 drivers
v00000278aa0691f0_0 .net "instruction", 31 0, L_00000278a9fec600;  1 drivers
v00000278aa06acd0_0 .net "jalr", 0 0, v00000278aa0116e0_0;  1 drivers
v00000278aa069510_0 .net "jump", 0 0, v00000278aa011820_0;  1 drivers
v00000278aa06ab90_0 .net "mem_read", 0 0, v00000278aa0111e0_0;  1 drivers
v00000278aa06ad70_0 .net "mem_read_data", 31 0, L_00000278aa069150;  1 drivers
v00000278aa06aa50_0 .net "mem_write", 0 0, v00000278aa011dc0_0;  1 drivers
v00000278aa06a190_0 .net "opcode", 6 0, L_00000278aa06a2d0;  1 drivers
v00000278aa069970_0 .net "pc_branch", 31 0, L_00000278aa069f10;  1 drivers
v00000278aa06a9b0_0 .net "pc_current", 31 0, v00000278aa068b80_0;  1 drivers
v00000278aa06a550_0 .net "pc_jump_reg", 31 0, L_00000278aa1217f0;  1 drivers
v00000278aa06ae10_0 .net "pc_next", 31 0, L_00000278aa06d2b0;  1 drivers
v00000278aa06a5f0_0 .net "pc_plus4", 31 0, L_00000278aa069330;  1 drivers
v00000278aa069dd0_0 .net "rd", 4 0, L_00000278aa06aeb0;  1 drivers
v00000278aa06a690_0 .net "reg_write", 0 0, v00000278aa010880_0;  1 drivers
v00000278aa069830_0 .net "reset", 0 0, v00000278aa06a230_0;  1 drivers
v00000278aa069b50_0 .net "result_src", 1 0, v00000278aa010560_0;  1 drivers
v00000278aa06a870_0 .net "rs1", 4 0, L_00000278aa06ac30;  1 drivers
v00000278aa0693d0_0 .net "rs1_data", 31 0, L_00000278aa069a10;  1 drivers
v00000278aa069bf0_0 .net "rs2", 4 0, L_00000278aa06a370;  1 drivers
v00000278aa069c90_0 .net "rs2_data", 31 0, L_00000278aa06a410;  1 drivers
v00000278aa0695b0_0 .net "write_back_data", 31 0, v00000278aa0670a0_0;  1 drivers
v00000278aa069290_0 .net "zero", 0 0, L_00000278aa06a0f0;  1 drivers
L_00000278aa06a2d0 .part L_00000278a9fec600, 0, 7;
L_00000278aa06aeb0 .part L_00000278a9fec600, 7, 5;
L_00000278aa06aaf0 .part L_00000278a9fec600, 12, 3;
L_00000278aa06ac30 .part L_00000278a9fec600, 15, 5;
L_00000278aa06a370 .part L_00000278a9fec600, 20, 5;
L_00000278aa06af50 .part L_00000278a9fec600, 30, 1;
L_00000278aa069f10 .arith/sum 32, v00000278aa068b80_0, v00000278aa011640_0;
L_00000278aa06dcb0 .arith/sum 32, L_00000278aa069a10, v00000278aa011640_0;
L_00000278aa06de90 .functor MUXZ 32, L_00000278aa069330, L_00000278aa069f10, v00000278aa010a60_0, C4<>;
L_00000278aa06dd50 .functor MUXZ 32, L_00000278aa06de90, L_00000278aa069f10, v00000278aa011820_0, C4<>;
L_00000278aa06d2b0 .functor MUXZ 32, L_00000278aa06dd50, L_00000278aa1217f0, v00000278aa0116e0_0, C4<>;
S_00000278aa015c50 .scope module, "alu_ctrl_unit" "alu_control" 3 94, 4 3 0, S_00000278aa012650;
 .timescale -9 -12;
    .port_info 0 /INPUT 2 "alu_op";
    .port_info 1 /INPUT 3 "funct3";
    .port_info 2 /INPUT 1 "funct7b5";
    .port_info 3 /OUTPUT 4 "alu_ctrl";
P_00000278aa015de0 .param/l "ALU_ADD" 1 4 9, C4<0000>;
P_00000278aa015e18 .param/l "ALU_AND" 1 4 11, C4<0010>;
P_00000278aa015e50 .param/l "ALU_OR" 1 4 12, C4<0011>;
P_00000278aa015e88 .param/l "ALU_SLT" 1 4 14, C4<0101>;
P_00000278aa015ec0 .param/l "ALU_SUB" 1 4 10, C4<0001>;
P_00000278aa015ef8 .param/l "ALU_XOR" 1 4 13, C4<0100>;
v00000278aa010740_0 .var "alu_ctrl", 3 0;
v00000278aa011000_0 .net "alu_op", 1 0, v00000278aa011140_0;  alias, 1 drivers
v00000278aa012360_0 .net "funct3", 2 0, L_00000278aa06aaf0;  alias, 1 drivers
v00000278aa011fa0_0 .net "funct7b5", 0 0, L_00000278aa06af50;  alias, 1 drivers
E_00000278a9ffe960 .event anyedge, v00000278aa011000_0, v00000278aa012360_0, v00000278aa011fa0_0;
S_00000278a9fe6110 .scope module, "alu_src_mux" "mux2" 3 101, 5 3 0, S_00000278aa012650;
 .timescale -9 -12;
    .port_info 0 /INPUT 32 "a";
    .port_info 1 /INPUT 32 "b";
    .port_info 2 /INPUT 1 "sel";
    .port_info 3 /OUTPUT 32 "y";
P_00000278a9ffed60 .param/l "WIDTH" 0 5 3, +C4<00000000000000000000000000100000>;
v00000278aa0115a0_0 .net "a", 31 0, L_00000278aa06a410;  alias, 1 drivers
v00000278aa0122c0_0 .net "b", 31 0, v00000278aa011640_0;  alias, 1 drivers
v00000278aa011780_0 .net "sel", 0 0, v00000278aa011b40_0;  alias, 1 drivers
v00000278aa0109c0_0 .net "y", 31 0, L_00000278aa069fb0;  alias, 1 drivers
L_00000278aa069fb0 .functor MUXZ 32, L_00000278aa06a410, v00000278aa011640_0, v00000278aa011b40_0, C4<>;
S_00000278a9fe62a0 .scope module, "alu_unit" "alu" 3 108, 6 3 0, S_00000278aa012650;
 .timescale -9 -12;
    .port_info 0 /INPUT 32 "a";
    .port_info 1 /INPUT 32 "b";
    .port_info 2 /INPUT 4 "alu_ctrl";
    .port_info 3 /OUTPUT 32 "result";
    .port_info 4 /OUTPUT 1 "zero";
P_00000278a9fe6430 .param/l "ALU_ADD" 1 6 10, C4<0000>;
P_00000278a9fe6468 .param/l "ALU_AND" 1 6 12, C4<0010>;
P_00000278a9fe64a0 .param/l "ALU_OR" 1 6 13, C4<0011>;
P_00000278a9fe64d8 .param/l "ALU_SLT" 1 6 15, C4<0101>;
P_00000278a9fe6510 .param/l "ALU_SUB" 1 6 11, C4<0001>;
P_00000278a9fe6548 .param/l "ALU_XOR" 1 6 14, C4<0100>;
L_00000278aa0c8aa0 .functor BUFT 1, C4<00000000000000000000000000000000>, C4<0>, C4<0>, C4<0>;
v00000278aa0110a0_0 .net/2u *"_ivl_0", 31 0, L_00000278aa0c8aa0;  1 drivers
v00000278aa010f60_0 .net "a", 31 0, L_00000278aa069a10;  alias, 1 drivers
v00000278aa011aa0_0 .net "alu_ctrl", 3 0, v00000278aa010740_0;  alias, 1 drivers
v00000278aa012180_0 .net "b", 31 0, L_00000278aa069fb0;  alias, 1 drivers
v00000278aa012220_0 .var "result", 31 0;
v00000278aa0120e0_0 .net "zero", 0 0, L_00000278aa06a0f0;  alias, 1 drivers
E_00000278a9ffee60 .event anyedge, v00000278aa010740_0, v00000278aa010f60_0, v00000278aa0109c0_0;
L_00000278aa06a0f0 .cmp/eq 32, v00000278aa012220_0, L_00000278aa0c8aa0;
S_00000278a9fdfdd0 .scope module, "branch_unit_inst" "branch_unit" 3 134, 7 3 0, S_00000278aa012650;
 .timescale -9 -12;
    .port_info 0 /INPUT 1 "branch";
    .port_info 1 /INPUT 3 "funct3";
    .port_info 2 /INPUT 32 "rs1_data";
    .port_info 3 /INPUT 32 "rs2_data";
    .port_info 4 /OUTPUT 1 "branch_taken";
v00000278aa011d20_0 .net "branch", 0 0, v00000278aa012040_0;  alias, 1 drivers
v00000278aa010a60_0 .var "branch_taken", 0 0;
v00000278aa011960_0 .net "funct3", 2 0, L_00000278aa06aaf0;  alias, 1 drivers
v00000278aa0104c0_0 .net "rs1_data", 31 0, L_00000278aa069a10;  alias, 1 drivers
v00000278aa0107e0_0 .net "rs2_data", 31 0, L_00000278aa06a410;  alias, 1 drivers
E_00000278a9ffeea0 .event anyedge, v00000278aa011d20_0, v00000278aa012360_0, v00000278aa010f60_0, v00000278aa0115a0_0;
S_00000278a9fdff60 .scope module, "controller" "main_controller" 3 64, 8 3 0, S_00000278aa012650;
 .timescale -9 -12;
    .port_info 0 /INPUT 7 "opcode";
    .port_info 1 /OUTPUT 1 "reg_write";
    .port_info 2 /OUTPUT 1 "alu_src";
    .port_info 3 /OUTPUT 1 "mem_read";
    .port_info 4 /OUTPUT 1 "mem_write";
    .port_info 5 /OUTPUT 1 "branch";
    .port_info 6 /OUTPUT 1 "jump";
    .port_info 7 /OUTPUT 1 "jalr";
    .port_info 8 /OUTPUT 2 "result_src";
    .port_info 9 /OUTPUT 2 "alu_op";
v00000278aa011140_0 .var "alu_op", 1 0;
v00000278aa011b40_0 .var "alu_src", 0 0;
v00000278aa012040_0 .var "branch", 0 0;
v00000278aa0116e0_0 .var "jalr", 0 0;
v00000278aa011820_0 .var "jump", 0 0;
v00000278aa0111e0_0 .var "mem_read", 0 0;
v00000278aa011dc0_0 .var "mem_write", 0 0;
v00000278aa011320_0 .net "opcode", 6 0, L_00000278aa06a2d0;  alias, 1 drivers
v00000278aa010880_0 .var "reg_write", 0 0;
v00000278aa010560_0 .var "result_src", 1 0;
E_00000278a9ffeee0 .event anyedge, v00000278aa011320_0;
S_00000278a9fdd8c0 .scope module, "dmem" "data_memory" 3 116, 9 3 0, S_00000278aa012650;
 .timescale -9 -12;
    .port_info 0 /INPUT 1 "clk";
    .port_info 1 /INPUT 1 "mem_read";
    .port_info 2 /INPUT 1 "mem_write";
    .port_info 3 /INPUT 32 "address";
    .port_info 4 /INPUT 32 "write_data";
    .port_info 5 /OUTPUT 32 "read_data";
P_00000278a9ffe4a0 .param/l "MEM_SIZE" 0 9 4, +C4<00000000000000000000000100000000>;
v00000278aa010600_0 .net *"_ivl_0", 31 0, L_00000278aa06a4b0;  1 drivers
v00000278aa010920_0 .net *"_ivl_3", 29 0, L_00000278aa069e70;  1 drivers
L_00000278aa0c8ae8 .functor BUFT 1, C4<00000000000000000000000000000000>, C4<0>, C4<0>, C4<0>;
v00000278aa011e60_0 .net/2u *"_ivl_4", 31 0, L_00000278aa0c8ae8;  1 drivers
v00000278aa011be0_0 .net "address", 31 0, v00000278aa012220_0;  alias, 1 drivers
v00000278aa011c80_0 .net "clk", 0 0, v00000278aa06a050_0;  alias, 1 drivers
v00000278aa011f00_0 .var/i "i", 31 0;
v00000278aa010ce0_0 .net "mem_read", 0 0, v00000278aa0111e0_0;  alias, 1 drivers
v00000278aa0106a0_0 .net "mem_write", 0 0, v00000278aa011dc0_0;  alias, 1 drivers
v00000278aa010b00 .array "memory", 255 0, 31 0;
v00000278aa010ba0_0 .net "read_data", 31 0, L_00000278aa069150;  alias, 1 drivers
v00000278aa010d80_0 .net "write_data", 31 0, L_00000278aa06a410;  alias, 1 drivers
E_00000278a9fff2a0 .event posedge, v00000278aa011c80_0;
L_00000278aa06a4b0 .array/port v00000278aa010b00, L_00000278aa069e70;
L_00000278aa069e70 .part v00000278aa012220_0, 2, 30;
L_00000278aa069150 .functor MUXZ 32, L_00000278aa0c8ae8, L_00000278aa06a4b0, v00000278aa0111e0_0, C4<>;
S_00000278a9fdda50 .scope module, "imem" "instruction_memory" 3 59, 10 3 0, S_00000278aa012650;
 .timescale -9 -12;
    .port_info 0 /INPUT 32 "address";
    .port_info 1 /OUTPUT 32 "instruction";
P_00000278aa0b7ed0 .param/l "MEM_SIZE" 0 10 4, +C4<00000000000000000000000100000000>;
P_00000278aa0b7f08 .param/str "PROGRAM_FILE" 0 10 5, "mem/program.mem";
L_00000278a9fec600 .functor BUFZ 32, L_00000278aa06a730, C4<00000000000000000000000000000000>, C4<00000000000000000000000000000000>, C4<00000000000000000000000000000000>;
v00000278aa010e20_0 .net *"_ivl_0", 31 0, L_00000278aa06a730;  1 drivers
v00000278aa011280_0 .net *"_ivl_3", 29 0, L_00000278aa06a7d0;  1 drivers
v00000278aa0113c0_0 .net "address", 31 0, v00000278aa068b80_0;  alias, 1 drivers
v00000278aa011460_0 .net "instruction", 31 0, L_00000278a9fec600;  alias, 1 drivers
v00000278aa011500 .array "memory", 255 0, 31 0;
L_00000278aa06a730 .array/port v00000278aa011500, L_00000278aa06a7d0;
L_00000278aa06a7d0 .part v00000278aa068b80_0, 2, 30;
S_00000278a9fda790 .scope module, "immgen" "immediate_generator" 3 89, 11 3 0, S_00000278aa012650;
 .timescale -9 -12;
    .port_info 0 /INPUT 32 "instruction";
    .port_info 1 /OUTPUT 32 "immediate";
v00000278aa011640_0 .var "immediate", 31 0;
v00000278aa0059a0_0 .net "instruction", 31 0, L_00000278a9fec600;  alias, 1 drivers
v00000278aa005a40_0 .net "opcode", 6 0, L_00000278aa069d30;  1 drivers
E_00000278a9fffea0 .event anyedge, v00000278aa005a40_0, v00000278aa011460_0;
L_00000278aa069d30 .part L_00000278a9fec600, 0, 7;
S_00000278a9fda920 .scope module, "pc_adder" "adder" 3 51, 12 3 0, S_00000278aa012650;
 .timescale -9 -12;
    .port_info 0 /INPUT 32 "a";
    .port_info 1 /INPUT 32 "b";
    .port_info 2 /OUTPUT 32 "y";
v00000278aa068400_0 .net "a", 31 0, v00000278aa068b80_0;  alias, 1 drivers
L_00000278aa0c88a8 .functor BUFT 1, C4<00000000000000000000000000000100>, C4<0>, C4<0>, C4<0>;
v00000278aa067780_0 .net "b", 31 0, L_00000278aa0c88a8;  1 drivers
v00000278aa067fa0_0 .net "y", 31 0, L_00000278aa069330;  alias, 1 drivers
L_00000278aa069330 .arith/sum 32, v00000278aa068b80_0, L_00000278aa0c88a8;
S_00000278a9fd9a50 .scope module, "pc_inst" "pc" 3 44, 13 3 0, S_00000278aa012650;
 .timescale -9 -12;
    .port_info 0 /INPUT 1 "clk";
    .port_info 1 /INPUT 1 "reset";
    .port_info 2 /INPUT 32 "next_pc";
    .port_info 3 /OUTPUT 32 "pc_out";
v00000278aa068860_0 .net "clk", 0 0, v00000278aa06a050_0;  alias, 1 drivers
v00000278aa067820_0 .net "next_pc", 31 0, L_00000278aa06d2b0;  alias, 1 drivers
v00000278aa068b80_0 .var "pc_out", 31 0;
v00000278aa067960_0 .net "reset", 0 0, v00000278aa06a230_0;  alias, 1 drivers
E_00000278a9fffc60 .event posedge, v00000278aa067960_0, v00000278aa011c80_0;
S_00000278a9fd9be0 .scope module, "regfile" "register_file" 3 77, 14 3 0, S_00000278aa012650;
 .timescale -9 -12;
    .port_info 0 /INPUT 1 "clk";
    .port_info 1 /INPUT 1 "reset";
    .port_info 2 /INPUT 1 "reg_write";
    .port_info 3 /INPUT 5 "rs1";
    .port_info 4 /INPUT 5 "rs2";
    .port_info 5 /INPUT 5 "rd";
    .port_info 6 /INPUT 32 "write_data";
    .port_info 7 /OUTPUT 32 "read_data1";
    .port_info 8 /OUTPUT 32 "read_data2";
L_00000278aa0c88f0 .functor BUFT 1, C4<00000>, C4<0>, C4<0>, C4<0>;
v00000278aa068a40_0 .net/2u *"_ivl_0", 4 0, L_00000278aa0c88f0;  1 drivers
L_00000278aa0c8980 .functor BUFT 1, C4<00>, C4<0>, C4<0>, C4<0>;
v00000278aa068e00_0 .net *"_ivl_11", 1 0, L_00000278aa0c8980;  1 drivers
L_00000278aa0c89c8 .functor BUFT 1, C4<00000>, C4<0>, C4<0>, C4<0>;
v00000278aa067320_0 .net/2u *"_ivl_14", 4 0, L_00000278aa0c89c8;  1 drivers
v00000278aa068220_0 .net *"_ivl_16", 0 0, L_00000278aa0696f0;  1 drivers
L_00000278aa0c8a10 .functor BUFT 1, C4<00000000000000000000000000000000>, C4<0>, C4<0>, C4<0>;
v00000278aa0675a0_0 .net/2u *"_ivl_18", 31 0, L_00000278aa0c8a10;  1 drivers
v00000278aa0685e0_0 .net *"_ivl_2", 0 0, L_00000278aa069650;  1 drivers
v00000278aa068900_0 .net *"_ivl_20", 31 0, L_00000278aa0690b0;  1 drivers
v00000278aa0673c0_0 .net *"_ivl_22", 6 0, L_00000278aa069470;  1 drivers
L_00000278aa0c8a58 .functor BUFT 1, C4<00>, C4<0>, C4<0>, C4<0>;
v00000278aa0678c0_0 .net *"_ivl_25", 1 0, L_00000278aa0c8a58;  1 drivers
L_00000278aa0c8938 .functor BUFT 1, C4<00000000000000000000000000000000>, C4<0>, C4<0>, C4<0>;
v00000278aa067a00_0 .net/2u *"_ivl_4", 31 0, L_00000278aa0c8938;  1 drivers
v00000278aa067280_0 .net *"_ivl_6", 31 0, L_00000278aa06a910;  1 drivers
v00000278aa0682c0_0 .net *"_ivl_8", 6 0, L_00000278aa0698d0;  1 drivers
v00000278aa068ae0_0 .net "clk", 0 0, v00000278aa06a050_0;  alias, 1 drivers
v00000278aa068c20_0 .var/i "i", 31 0;
v00000278aa068360_0 .net "rd", 4 0, L_00000278aa06aeb0;  alias, 1 drivers
v00000278aa068ea0_0 .net "read_data1", 31 0, L_00000278aa069a10;  alias, 1 drivers
v00000278aa068680_0 .net "read_data2", 31 0, L_00000278aa06a410;  alias, 1 drivers
v00000278aa068cc0_0 .net "reg_write", 0 0, v00000278aa010880_0;  alias, 1 drivers
v00000278aa0676e0 .array "regs", 31 0, 31 0;
v00000278aa067aa0_0 .net "reset", 0 0, v00000278aa06a230_0;  alias, 1 drivers
v00000278aa068d60_0 .net "rs1", 4 0, L_00000278aa06ac30;  alias, 1 drivers
v00000278aa067140_0 .net "rs2", 4 0, L_00000278aa06a370;  alias, 1 drivers
v00000278aa068f40_0 .net "write_data", 31 0, v00000278aa0670a0_0;  alias, 1 drivers
L_00000278aa069650 .cmp/eq 5, L_00000278aa06ac30, L_00000278aa0c88f0;
L_00000278aa06a910 .array/port v00000278aa0676e0, L_00000278aa0698d0;
L_00000278aa0698d0 .concat [ 5 2 0 0], L_00000278aa06ac30, L_00000278aa0c8980;
L_00000278aa069a10 .functor MUXZ 32, L_00000278aa06a910, L_00000278aa0c8938, L_00000278aa069650, C4<>;
L_00000278aa0696f0 .cmp/eq 5, L_00000278aa06a370, L_00000278aa0c89c8;
L_00000278aa0690b0 .array/port v00000278aa0676e0, L_00000278aa069470;
L_00000278aa069470 .concat [ 5 2 0 0], L_00000278aa06a370, L_00000278aa0c8a58;
L_00000278aa06a410 .functor MUXZ 32, L_00000278aa0690b0, L_00000278aa0c8a10, L_00000278aa0696f0, C4<>;
S_00000278a9fcdfe0 .scope module, "writeback_mux" "mux4" 3 125, 15 3 0, S_00000278aa012650;
 .timescale -9 -12;
    .port_info 0 /INPUT 32 "d0";
    .port_info 1 /INPUT 32 "d1";
    .port_info 2 /INPUT 32 "d2";
    .port_info 3 /INPUT 32 "d3";
    .port_info 4 /INPUT 2 "sel";
    .port_info 5 /OUTPUT 32 "y";
P_00000278a9fff020 .param/l "WIDTH" 0 15 3, +C4<00000000000000000000000000100000>;
v00000278aa067460_0 .net "d0", 31 0, v00000278aa012220_0;  alias, 1 drivers
v00000278aa067b40_0 .net "d1", 31 0, L_00000278aa069150;  alias, 1 drivers
v00000278aa067640_0 .net "d2", 31 0, L_00000278aa069330;  alias, 1 drivers
v00000278aa068180_0 .net "d3", 31 0, v00000278aa011640_0;  alias, 1 drivers
v00000278aa067be0_0 .net "sel", 1 0, v00000278aa010560_0;  alias, 1 drivers
v00000278aa0670a0_0 .var "y", 31 0;
E_00000278a9fffe60/0 .event anyedge, v00000278aa010560_0, v00000278aa012220_0, v00000278aa010ba0_0, v00000278aa067fa0_0;
E_00000278a9fffe60/1 .event anyedge, v00000278aa0122c0_0;
E_00000278a9fffe60 .event/or E_00000278a9fffe60/0, E_00000278a9fffe60/1;
    .scope S_00000278a9fd9a50;
T_0 ;
    %wait E_00000278a9fffc60;
    %load/vec4 v00000278aa067960_0;
    %flag_set/vec4 8;
    %jmp/0xz  T_0.0, 8;
    %pushi/vec4 0, 0, 32;
    %assign/vec4 v00000278aa068b80_0, 0;
    %jmp T_0.1;
T_0.0 ;
    %load/vec4 v00000278aa067820_0;
    %assign/vec4 v00000278aa068b80_0, 0;
T_0.1 ;
    %jmp T_0;
    .thread T_0;
    .scope S_00000278a9fdda50;
T_1 ;
    %vpi_call 10 13 "$readmemh", P_00000278aa0b7f08, v00000278aa011500 {0 0 0};
    %end;
    .thread T_1;
    .scope S_00000278a9fdff60;
T_2 ;
    %wait E_00000278a9ffeee0;
    %pushi/vec4 0, 0, 1;
    %store/vec4 v00000278aa010880_0, 0, 1;
    %pushi/vec4 0, 0, 1;
    %store/vec4 v00000278aa011b40_0, 0, 1;
    %pushi/vec4 0, 0, 1;
    %store/vec4 v00000278aa0111e0_0, 0, 1;
    %pushi/vec4 0, 0, 1;
    %store/vec4 v00000278aa011dc0_0, 0, 1;
    %pushi/vec4 0, 0, 1;
    %store/vec4 v00000278aa012040_0, 0, 1;
    %pushi/vec4 0, 0, 1;
    %store/vec4 v00000278aa011820_0, 0, 1;
    %pushi/vec4 0, 0, 1;
    %store/vec4 v00000278aa0116e0_0, 0, 1;
    %pushi/vec4 0, 0, 2;
    %store/vec4 v00000278aa010560_0, 0, 2;
    %pushi/vec4 0, 0, 2;
    %store/vec4 v00000278aa011140_0, 0, 2;
    %load/vec4 v00000278aa011320_0;
    %dup/vec4;
    %pushi/vec4 51, 0, 7;
    %cmp/u;
    %jmp/1 T_2.0, 6;
    %dup/vec4;
    %pushi/vec4 19, 0, 7;
    %cmp/u;
    %jmp/1 T_2.1, 6;
    %dup/vec4;
    %pushi/vec4 3, 0, 7;
    %cmp/u;
    %jmp/1 T_2.2, 6;
    %dup/vec4;
    %pushi/vec4 35, 0, 7;
    %cmp/u;
    %jmp/1 T_2.3, 6;
    %dup/vec4;
    %pushi/vec4 99, 0, 7;
    %cmp/u;
    %jmp/1 T_2.4, 6;
    %dup/vec4;
    %pushi/vec4 111, 0, 7;
    %cmp/u;
    %jmp/1 T_2.5, 6;
    %dup/vec4;
    %pushi/vec4 103, 0, 7;
    %cmp/u;
    %jmp/1 T_2.6, 6;
    %dup/vec4;
    %pushi/vec4 55, 0, 7;
    %cmp/u;
    %jmp/1 T_2.7, 6;
    %pushi/vec4 0, 0, 1;
    %store/vec4 v00000278aa010880_0, 0, 1;
    %jmp T_2.9;
T_2.0 ;
    %pushi/vec4 1, 0, 1;
    %store/vec4 v00000278aa010880_0, 0, 1;
    %pushi/vec4 0, 0, 1;
    %store/vec4 v00000278aa011b40_0, 0, 1;
    %pushi/vec4 0, 0, 2;
    %store/vec4 v00000278aa010560_0, 0, 2;
    %pushi/vec4 2, 0, 2;
    %store/vec4 v00000278aa011140_0, 0, 2;
    %jmp T_2.9;
T_2.1 ;
    %pushi/vec4 1, 0, 1;
    %store/vec4 v00000278aa010880_0, 0, 1;
    %pushi/vec4 1, 0, 1;
    %store/vec4 v00000278aa011b40_0, 0, 1;
    %pushi/vec4 0, 0, 2;
    %store/vec4 v00000278aa010560_0, 0, 2;
    %pushi/vec4 3, 0, 2;
    %store/vec4 v00000278aa011140_0, 0, 2;
    %jmp T_2.9;
T_2.2 ;
    %pushi/vec4 1, 0, 1;
    %store/vec4 v00000278aa010880_0, 0, 1;
    %pushi/vec4 1, 0, 1;
    %store/vec4 v00000278aa011b40_0, 0, 1;
    %pushi/vec4 1, 0, 1;
    %store/vec4 v00000278aa0111e0_0, 0, 1;
    %pushi/vec4 1, 0, 2;
    %store/vec4 v00000278aa010560_0, 0, 2;
    %pushi/vec4 0, 0, 2;
    %store/vec4 v00000278aa011140_0, 0, 2;
    %jmp T_2.9;
T_2.3 ;
    %pushi/vec4 1, 0, 1;
    %store/vec4 v00000278aa011b40_0, 0, 1;
    %pushi/vec4 1, 0, 1;
    %store/vec4 v00000278aa011dc0_0, 0, 1;
    %pushi/vec4 0, 0, 2;
    %store/vec4 v00000278aa011140_0, 0, 2;
    %jmp T_2.9;
T_2.4 ;
    %pushi/vec4 1, 0, 1;
    %store/vec4 v00000278aa012040_0, 0, 1;
    %pushi/vec4 1, 0, 2;
    %store/vec4 v00000278aa011140_0, 0, 2;
    %jmp T_2.9;
T_2.5 ;
    %pushi/vec4 1, 0, 1;
    %store/vec4 v00000278aa010880_0, 0, 1;
    %pushi/vec4 1, 0, 1;
    %store/vec4 v00000278aa011820_0, 0, 1;
    %pushi/vec4 2, 0, 2;
    %store/vec4 v00000278aa010560_0, 0, 2;
    %jmp T_2.9;
T_2.6 ;
    %pushi/vec4 1, 0, 1;
    %store/vec4 v00000278aa010880_0, 0, 1;
    %pushi/vec4 1, 0, 1;
    %store/vec4 v00000278aa011b40_0, 0, 1;
    %pushi/vec4 1, 0, 1;
    %store/vec4 v00000278aa011820_0, 0, 1;
    %pushi/vec4 1, 0, 1;
    %store/vec4 v00000278aa0116e0_0, 0, 1;
    %pushi/vec4 2, 0, 2;
    %store/vec4 v00000278aa010560_0, 0, 2;
    %pushi/vec4 0, 0, 2;
    %store/vec4 v00000278aa011140_0, 0, 2;
    %jmp T_2.9;
T_2.7 ;
    %pushi/vec4 1, 0, 1;
    %store/vec4 v00000278aa010880_0, 0, 1;
    %pushi/vec4 3, 0, 2;
    %store/vec4 v00000278aa010560_0, 0, 2;
    %jmp T_2.9;
T_2.9 ;
    %pop/vec4 1;
    %jmp T_2;
    .thread T_2, $push;
    .scope S_00000278a9fd9be0;
T_3 ;
    %wait E_00000278a9fffc60;
    %load/vec4 v00000278aa067aa0_0;
    %flag_set/vec4 8;
    %jmp/0xz  T_3.0, 8;
    %pushi/vec4 0, 0, 32;
    %store/vec4 v00000278aa068c20_0, 0, 32;
T_3.2 ;
    %load/vec4 v00000278aa068c20_0;
    %cmpi/s 32, 0, 32;
    %jmp/0xz T_3.3, 5;
    %pushi/vec4 0, 0, 32;
    %ix/getv/s 3, v00000278aa068c20_0;
    %ix/load 4, 0, 0; Constant delay
    %assign/vec4/a/d v00000278aa0676e0, 0, 4;
    %load/vec4 v00000278aa068c20_0;
    %addi 1, 0, 32;
    %store/vec4 v00000278aa068c20_0, 0, 32;
    %jmp T_3.2;
T_3.3 ;
    %jmp T_3.1;
T_3.0 ;
    %load/vec4 v00000278aa068cc0_0;
    %flag_set/vec4 9;
    %flag_get/vec4 9;
    %jmp/0 T_3.6, 9;
    %load/vec4 v00000278aa068360_0;
    %pushi/vec4 0, 0, 5;
    %cmp/ne;
    %flag_get/vec4 4;
    %and;
T_3.6;
    %flag_set/vec4 8;
    %jmp/0xz  T_3.4, 8;
    %load/vec4 v00000278aa068f40_0;
    %load/vec4 v00000278aa068360_0;
    %pad/u 7;
    %ix/vec4 3;
    %ix/load 4, 0, 0; Constant delay
    %assign/vec4/a/d v00000278aa0676e0, 0, 4;
T_3.4 ;
    %pushi/vec4 0, 0, 32;
    %ix/load 3, 0, 0;
    %flag_set/imm 4, 0;
    %ix/load 4, 0, 0; Constant delay
    %assign/vec4/a/d v00000278aa0676e0, 0, 4;
T_3.1 ;
    %jmp T_3;
    .thread T_3;
    .scope S_00000278a9fda790;
T_4 ;
    %wait E_00000278a9fffea0;
    %load/vec4 v00000278aa005a40_0;
    %dup/vec4;
    %pushi/vec4 19, 0, 7;
    %cmp/u;
    %jmp/1 T_4.0, 6;
    %dup/vec4;
    %pushi/vec4 3, 0, 7;
    %cmp/u;
    %jmp/1 T_4.1, 6;
    %dup/vec4;
    %pushi/vec4 103, 0, 7;
    %cmp/u;
    %jmp/1 T_4.2, 6;
    %dup/vec4;
    %pushi/vec4 35, 0, 7;
    %cmp/u;
    %jmp/1 T_4.3, 6;
    %dup/vec4;
    %pushi/vec4 99, 0, 7;
    %cmp/u;
    %jmp/1 T_4.4, 6;
    %dup/vec4;
    %pushi/vec4 55, 0, 7;
    %cmp/u;
    %jmp/1 T_4.5, 6;
    %dup/vec4;
    %pushi/vec4 23, 0, 7;
    %cmp/u;
    %jmp/1 T_4.6, 6;
    %dup/vec4;
    %pushi/vec4 111, 0, 7;
    %cmp/u;
    %jmp/1 T_4.7, 6;
    %pushi/vec4 0, 0, 32;
    %store/vec4 v00000278aa011640_0, 0, 32;
    %jmp T_4.9;
T_4.0 ;
    %load/vec4 v00000278aa0059a0_0;
    %parti/s 1, 31, 6;
    %replicate 20;
    %load/vec4 v00000278aa0059a0_0;
    %parti/s 12, 20, 6;
    %concat/vec4; draw_concat_vec4
    %store/vec4 v00000278aa011640_0, 0, 32;
    %jmp T_4.9;
T_4.1 ;
    %load/vec4 v00000278aa0059a0_0;
    %parti/s 1, 31, 6;
    %replicate 20;
    %load/vec4 v00000278aa0059a0_0;
    %parti/s 12, 20, 6;
    %concat/vec4; draw_concat_vec4
    %store/vec4 v00000278aa011640_0, 0, 32;
    %jmp T_4.9;
T_4.2 ;
    %load/vec4 v00000278aa0059a0_0;
    %parti/s 1, 31, 6;
    %replicate 20;
    %load/vec4 v00000278aa0059a0_0;
    %parti/s 12, 20, 6;
    %concat/vec4; draw_concat_vec4
    %store/vec4 v00000278aa011640_0, 0, 32;
    %jmp T_4.9;
T_4.3 ;
    %load/vec4 v00000278aa0059a0_0;
    %parti/s 1, 31, 6;
    %replicate 20;
    %load/vec4 v00000278aa0059a0_0;
    %parti/s 7, 25, 6;
    %concat/vec4; draw_concat_vec4
    %load/vec4 v00000278aa0059a0_0;
    %parti/s 5, 7, 4;
    %concat/vec4; draw_concat_vec4
    %store/vec4 v00000278aa011640_0, 0, 32;
    %jmp T_4.9;
T_4.4 ;
    %load/vec4 v00000278aa0059a0_0;
    %parti/s 1, 31, 6;
    %replicate 19;
    %load/vec4 v00000278aa0059a0_0;
    %parti/s 1, 31, 6;
    %concat/vec4; draw_concat_vec4
    %load/vec4 v00000278aa0059a0_0;
    %parti/s 1, 7, 4;
    %concat/vec4; draw_concat_vec4
    %load/vec4 v00000278aa0059a0_0;
    %parti/s 6, 25, 6;
    %concat/vec4; draw_concat_vec4
    %load/vec4 v00000278aa0059a0_0;
    %parti/s 4, 8, 5;
    %concat/vec4; draw_concat_vec4
    %concati/vec4 0, 0, 1;
    %store/vec4 v00000278aa011640_0, 0, 32;
    %jmp T_4.9;
T_4.5 ;
    %load/vec4 v00000278aa0059a0_0;
    %parti/s 20, 12, 5;
    %concati/vec4 0, 0, 12;
    %store/vec4 v00000278aa011640_0, 0, 32;
    %jmp T_4.9;
T_4.6 ;
    %load/vec4 v00000278aa0059a0_0;
    %parti/s 20, 12, 5;
    %concati/vec4 0, 0, 12;
    %store/vec4 v00000278aa011640_0, 0, 32;
    %jmp T_4.9;
T_4.7 ;
    %load/vec4 v00000278aa0059a0_0;
    %parti/s 1, 31, 6;
    %replicate 11;
    %load/vec4 v00000278aa0059a0_0;
    %parti/s 1, 31, 6;
    %concat/vec4; draw_concat_vec4
    %load/vec4 v00000278aa0059a0_0;
    %parti/s 8, 12, 5;
    %concat/vec4; draw_concat_vec4
    %load/vec4 v00000278aa0059a0_0;
    %parti/s 1, 20, 6;
    %concat/vec4; draw_concat_vec4
    %load/vec4 v00000278aa0059a0_0;
    %parti/s 10, 21, 6;
    %concat/vec4; draw_concat_vec4
    %concati/vec4 0, 0, 1;
    %store/vec4 v00000278aa011640_0, 0, 32;
    %jmp T_4.9;
T_4.9 ;
    %pop/vec4 1;
    %jmp T_4;
    .thread T_4, $push;
    .scope S_00000278aa015c50;
T_5 ;
    %wait E_00000278a9ffe960;
    %load/vec4 v00000278aa011000_0;
    %dup/vec4;
    %pushi/vec4 0, 0, 2;
    %cmp/u;
    %jmp/1 T_5.0, 6;
    %dup/vec4;
    %pushi/vec4 1, 0, 2;
    %cmp/u;
    %jmp/1 T_5.1, 6;
    %dup/vec4;
    %pushi/vec4 2, 0, 2;
    %cmp/u;
    %jmp/1 T_5.2, 6;
    %dup/vec4;
    %pushi/vec4 3, 0, 2;
    %cmp/u;
    %jmp/1 T_5.3, 6;
    %pushi/vec4 0, 0, 4;
    %store/vec4 v00000278aa010740_0, 0, 4;
    %jmp T_5.5;
T_5.0 ;
    %pushi/vec4 0, 0, 4;
    %store/vec4 v00000278aa010740_0, 0, 4;
    %jmp T_5.5;
T_5.1 ;
    %pushi/vec4 1, 0, 4;
    %store/vec4 v00000278aa010740_0, 0, 4;
    %jmp T_5.5;
T_5.2 ;
    %load/vec4 v00000278aa012360_0;
    %dup/vec4;
    %pushi/vec4 0, 0, 3;
    %cmp/u;
    %jmp/1 T_5.6, 6;
    %dup/vec4;
    %pushi/vec4 7, 0, 3;
    %cmp/u;
    %jmp/1 T_5.7, 6;
    %dup/vec4;
    %pushi/vec4 6, 0, 3;
    %cmp/u;
    %jmp/1 T_5.8, 6;
    %dup/vec4;
    %pushi/vec4 4, 0, 3;
    %cmp/u;
    %jmp/1 T_5.9, 6;
    %dup/vec4;
    %pushi/vec4 2, 0, 3;
    %cmp/u;
    %jmp/1 T_5.10, 6;
    %pushi/vec4 0, 0, 4;
    %store/vec4 v00000278aa010740_0, 0, 4;
    %jmp T_5.12;
T_5.6 ;
    %load/vec4 v00000278aa011fa0_0;
    %flag_set/vec4 8;
    %jmp/0 T_5.13, 8;
    %pushi/vec4 1, 0, 4;
    %jmp/1 T_5.14, 8;
T_5.13 ; End of true expr.
    %pushi/vec4 0, 0, 4;
    %jmp/0 T_5.14, 8;
 ; End of false expr.
    %blend;
T_5.14;
    %store/vec4 v00000278aa010740_0, 0, 4;
    %jmp T_5.12;
T_5.7 ;
    %pushi/vec4 2, 0, 4;
    %store/vec4 v00000278aa010740_0, 0, 4;
    %jmp T_5.12;
T_5.8 ;
    %pushi/vec4 3, 0, 4;
    %store/vec4 v00000278aa010740_0, 0, 4;
    %jmp T_5.12;
T_5.9 ;
    %pushi/vec4 4, 0, 4;
    %store/vec4 v00000278aa010740_0, 0, 4;
    %jmp T_5.12;
T_5.10 ;
    %pushi/vec4 5, 0, 4;
    %store/vec4 v00000278aa010740_0, 0, 4;
    %jmp T_5.12;
T_5.12 ;
    %pop/vec4 1;
    %jmp T_5.5;
T_5.3 ;
    %load/vec4 v00000278aa012360_0;
    %dup/vec4;
    %pushi/vec4 0, 0, 3;
    %cmp/u;
    %jmp/1 T_5.15, 6;
    %dup/vec4;
    %pushi/vec4 7, 0, 3;
    %cmp/u;
    %jmp/1 T_5.16, 6;
    %dup/vec4;
    %pushi/vec4 6, 0, 3;
    %cmp/u;
    %jmp/1 T_5.17, 6;
    %dup/vec4;
    %pushi/vec4 4, 0, 3;
    %cmp/u;
    %jmp/1 T_5.18, 6;
    %dup/vec4;
    %pushi/vec4 2, 0, 3;
    %cmp/u;
    %jmp/1 T_5.19, 6;
    %pushi/vec4 0, 0, 4;
    %store/vec4 v00000278aa010740_0, 0, 4;
    %jmp T_5.21;
T_5.15 ;
    %pushi/vec4 0, 0, 4;
    %store/vec4 v00000278aa010740_0, 0, 4;
    %jmp T_5.21;
T_5.16 ;
    %pushi/vec4 2, 0, 4;
    %store/vec4 v00000278aa010740_0, 0, 4;
    %jmp T_5.21;
T_5.17 ;
    %pushi/vec4 3, 0, 4;
    %store/vec4 v00000278aa010740_0, 0, 4;
    %jmp T_5.21;
T_5.18 ;
    %pushi/vec4 4, 0, 4;
    %store/vec4 v00000278aa010740_0, 0, 4;
    %jmp T_5.21;
T_5.19 ;
    %pushi/vec4 5, 0, 4;
    %store/vec4 v00000278aa010740_0, 0, 4;
    %jmp T_5.21;
T_5.21 ;
    %pop/vec4 1;
    %jmp T_5.5;
T_5.5 ;
    %pop/vec4 1;
    %jmp T_5;
    .thread T_5, $push;
    .scope S_00000278a9fe62a0;
T_6 ;
    %wait E_00000278a9ffee60;
    %load/vec4 v00000278aa011aa0_0;
    %dup/vec4;
    %pushi/vec4 0, 0, 4;
    %cmp/u;
    %jmp/1 T_6.0, 6;
    %dup/vec4;
    %pushi/vec4 1, 0, 4;
    %cmp/u;
    %jmp/1 T_6.1, 6;
    %dup/vec4;
    %pushi/vec4 2, 0, 4;
    %cmp/u;
    %jmp/1 T_6.2, 6;
    %dup/vec4;
    %pushi/vec4 3, 0, 4;
    %cmp/u;
    %jmp/1 T_6.3, 6;
    %dup/vec4;
    %pushi/vec4 4, 0, 4;
    %cmp/u;
    %jmp/1 T_6.4, 6;
    %dup/vec4;
    %pushi/vec4 5, 0, 4;
    %cmp/u;
    %jmp/1 T_6.5, 6;
    %pushi/vec4 0, 0, 32;
    %store/vec4 v00000278aa012220_0, 0, 32;
    %jmp T_6.7;
T_6.0 ;
    %load/vec4 v00000278aa010f60_0;
    %load/vec4 v00000278aa012180_0;
    %add;
    %store/vec4 v00000278aa012220_0, 0, 32;
    %jmp T_6.7;
T_6.1 ;
    %load/vec4 v00000278aa010f60_0;
    %load/vec4 v00000278aa012180_0;
    %sub;
    %store/vec4 v00000278aa012220_0, 0, 32;
    %jmp T_6.7;
T_6.2 ;
    %load/vec4 v00000278aa010f60_0;
    %load/vec4 v00000278aa012180_0;
    %and;
    %store/vec4 v00000278aa012220_0, 0, 32;
    %jmp T_6.7;
T_6.3 ;
    %load/vec4 v00000278aa010f60_0;
    %load/vec4 v00000278aa012180_0;
    %or;
    %store/vec4 v00000278aa012220_0, 0, 32;
    %jmp T_6.7;
T_6.4 ;
    %load/vec4 v00000278aa010f60_0;
    %load/vec4 v00000278aa012180_0;
    %xor;
    %store/vec4 v00000278aa012220_0, 0, 32;
    %jmp T_6.7;
T_6.5 ;
    %load/vec4 v00000278aa010f60_0;
    %load/vec4 v00000278aa012180_0;
    %cmp/s;
    %flag_mov 8, 5;
    %jmp/0 T_6.8, 8;
    %pushi/vec4 1, 0, 32;
    %jmp/1 T_6.9, 8;
T_6.8 ; End of true expr.
    %pushi/vec4 0, 0, 32;
    %jmp/0 T_6.9, 8;
 ; End of false expr.
    %blend;
T_6.9;
    %store/vec4 v00000278aa012220_0, 0, 32;
    %jmp T_6.7;
T_6.7 ;
    %pop/vec4 1;
    %jmp T_6;
    .thread T_6, $push;
    .scope S_00000278a9fdd8c0;
T_7 ;
    %pushi/vec4 0, 0, 32;
    %store/vec4 v00000278aa011f00_0, 0, 32;
T_7.0 ;
    %load/vec4 v00000278aa011f00_0;
    %cmpi/s 256, 0, 32;
    %jmp/0xz T_7.1, 5;
    %pushi/vec4 0, 0, 32;
    %ix/getv/s 4, v00000278aa011f00_0;
    %store/vec4a v00000278aa010b00, 4, 0;
    %load/vec4 v00000278aa011f00_0;
    %addi 1, 0, 32;
    %store/vec4 v00000278aa011f00_0, 0, 32;
    %jmp T_7.0;
T_7.1 ;
    %end;
    .thread T_7;
    .scope S_00000278a9fdd8c0;
T_8 ;
    %wait E_00000278a9fff2a0;
    %load/vec4 v00000278aa0106a0_0;
    %flag_set/vec4 8;
    %jmp/0xz  T_8.0, 8;
    %load/vec4 v00000278aa010d80_0;
    %load/vec4 v00000278aa011be0_0;
    %parti/s 30, 2, 3;
    %ix/vec4 3;
    %ix/load 4, 0, 0; Constant delay
    %assign/vec4/a/d v00000278aa010b00, 0, 4;
T_8.0 ;
    %jmp T_8;
    .thread T_8;
    .scope S_00000278a9fcdfe0;
T_9 ;
    %wait E_00000278a9fffe60;
    %load/vec4 v00000278aa067be0_0;
    %dup/vec4;
    %pushi/vec4 0, 0, 2;
    %cmp/u;
    %jmp/1 T_9.0, 6;
    %dup/vec4;
    %pushi/vec4 1, 0, 2;
    %cmp/u;
    %jmp/1 T_9.1, 6;
    %dup/vec4;
    %pushi/vec4 2, 0, 2;
    %cmp/u;
    %jmp/1 T_9.2, 6;
    %dup/vec4;
    %pushi/vec4 3, 0, 2;
    %cmp/u;
    %jmp/1 T_9.3, 6;
    %load/vec4 v00000278aa067460_0;
    %store/vec4 v00000278aa0670a0_0, 0, 32;
    %jmp T_9.5;
T_9.0 ;
    %load/vec4 v00000278aa067460_0;
    %store/vec4 v00000278aa0670a0_0, 0, 32;
    %jmp T_9.5;
T_9.1 ;
    %load/vec4 v00000278aa067b40_0;
    %store/vec4 v00000278aa0670a0_0, 0, 32;
    %jmp T_9.5;
T_9.2 ;
    %load/vec4 v00000278aa067640_0;
    %store/vec4 v00000278aa0670a0_0, 0, 32;
    %jmp T_9.5;
T_9.3 ;
    %load/vec4 v00000278aa068180_0;
    %store/vec4 v00000278aa0670a0_0, 0, 32;
    %jmp T_9.5;
T_9.5 ;
    %pop/vec4 1;
    %jmp T_9;
    .thread T_9, $push;
    .scope S_00000278a9fdfdd0;
T_10 ;
    %wait E_00000278a9ffeea0;
    %pushi/vec4 0, 0, 1;
    %store/vec4 v00000278aa010a60_0, 0, 1;
    %load/vec4 v00000278aa011d20_0;
    %flag_set/vec4 8;
    %jmp/0xz  T_10.0, 8;
    %load/vec4 v00000278aa011960_0;
    %dup/vec4;
    %pushi/vec4 0, 0, 3;
    %cmp/u;
    %jmp/1 T_10.2, 6;
    %dup/vec4;
    %pushi/vec4 1, 0, 3;
    %cmp/u;
    %jmp/1 T_10.3, 6;
    %pushi/vec4 0, 0, 1;
    %store/vec4 v00000278aa010a60_0, 0, 1;
    %jmp T_10.5;
T_10.2 ;
    %load/vec4 v00000278aa0104c0_0;
    %load/vec4 v00000278aa0107e0_0;
    %cmp/e;
    %flag_get/vec4 4;
    %store/vec4 v00000278aa010a60_0, 0, 1;
    %jmp T_10.5;
T_10.3 ;
    %load/vec4 v00000278aa0104c0_0;
    %load/vec4 v00000278aa0107e0_0;
    %cmp/ne;
    %flag_get/vec4 4;
    %store/vec4 v00000278aa010a60_0, 0, 1;
    %jmp T_10.5;
T_10.5 ;
    %pop/vec4 1;
T_10.0 ;
    %jmp T_10;
    .thread T_10, $push;
    .scope S_00000278aa016480;
T_11 ;
    %delay 5000, 0;
    %load/vec4 v00000278aa06a050_0;
    %inv;
    %store/vec4 v00000278aa06a050_0, 0, 1;
    %jmp T_11;
    .thread T_11;
    .scope S_00000278aa016480;
T_12 ;
    %vpi_call 2 21 "$dumpfile", "wave.vcd" {0 0 0};
    %vpi_call 2 22 "$dumpvars", 32'sb00000000000000000000000000000000, S_00000278aa016480 {0 0 0};
    %pushi/vec4 0, 0, 1;
    %store/vec4 v00000278aa06a050_0, 0, 1;
    %pushi/vec4 1, 0, 1;
    %store/vec4 v00000278aa06a230_0, 0, 1;
    %delay 15000, 0;
    %pushi/vec4 0, 0, 1;
    %store/vec4 v00000278aa06a230_0, 0, 1;
    %delay 400000, 0;
    %vpi_call 2 35 "$display", "\012================ RESULTADOS ================" {0 0 0};
    %vpi_call 2 38 "$display", "x1  = %0d  (A)", &A<v00000278aa0676e0, 1> {0 0 0};
    %vpi_call 2 39 "$display", "x2  = %0d  (B)", &A<v00000278aa0676e0, 2> {0 0 0};
    %vpi_call 2 42 "$display", "x3  = %0d  (add)", &A<v00000278aa0676e0, 3> {0 0 0};
    %vpi_call 2 43 "$display", "x4  = %0d  (sub)", &A<v00000278aa0676e0, 4> {0 0 0};
    %vpi_call 2 44 "$display", "x5  = %0d  (and)", &A<v00000278aa0676e0, 5> {0 0 0};
    %vpi_call 2 45 "$display", "x6  = %0d  (or)", &A<v00000278aa0676e0, 6> {0 0 0};
    %vpi_call 2 46 "$display", "x7  = %0d  (xor)", &A<v00000278aa0676e0, 7> {0 0 0};
    %vpi_call 2 47 "$display", "x8  = %0d  (slt)", &A<v00000278aa0676e0, 8> {0 0 0};
    %vpi_call 2 50 "$display", "x9  = %0d  (lw)", &A<v00000278aa0676e0, 9> {0 0 0};
    %vpi_call 2 53 "$display", "x10 = %0d  (beq sucesso)", &A<v00000278aa0676e0, 10> {0 0 0};
    %vpi_call 2 56 "$display", "x11 = 0x%08h (jal return PC+4)", &A<v00000278aa0676e0, 11> {0 0 0};
    %vpi_call 2 59 "$display", "x12 = %0d  (deve ser 0 se jal funcionou)", &A<v00000278aa0676e0, 12> {0 0 0};
    %vpi_call 2 62 "$display", "x13 = %0d  (fim)", &A<v00000278aa0676e0, 13> {0 0 0};
    %vpi_call 2 66 "$display", "MEM[28] = %0d", &A<v00000278aa010b00, 28> {0 0 0};
    %vpi_call 2 68 "$display", "============================================\012" {0 0 0};
    %vpi_call 2 70 "$finish" {0 0 0};
    %end;
    .thread T_12;
# The file index is used to find the file name in the following table.
:file_names 16;
    "N/A";
    "<interactive>";
    "tb/tb_rv32i_single_cycle.v";
    "src/rv32i_single_cycle_top.v";
    "src/alu_control.v";
    "src/mux2.v";
    "src/alu.v";
    "src/branch_unit.v";
    "src/main_controller.v";
    "src/data_memory.v";
    "src/instruction_memory.v";
    "src/immediate_generator.v";
    "src/adder.v";
    "src/pc.v";
    "src/register_file.v";
    "src/mux4.v";
